[  0%] Built target _navigation2_generate_messages_check_deps_auto
[  0%] Built target std_msgs_generate_messages_py
[  0%] Built target _navigation2_generate_messages_check_deps_Goal
[  0%] Built target _navigation2_generate_messages_check_deps_Planner_state
[  0%] Built target _navigation2_generate_messages_check_deps_Enc_dist
[  0%] Built target _navigation2_generate_messages_check_deps_gps_data
[  0%] Built target _navigation2_generate_messages_check_deps_enc_feed
[  0%] Built target _navigation2_generate_messages_check_deps_imu_angle
[  0%] Built target std_msgs_generate_messages_cpp
[  0%] Built target std_msgs_generate_messages_eus
[  0%] Built target std_msgs_generate_messages_lisp
[  0%] Built target std_msgs_generate_messages_nodejs
[  2%] [34m[1mGenerating Python from MSG navigation2/Goal[0m
[  5%] [34m[1mGenerating Python from MSG navigation2/Planner_state[0m
[  8%] [34m[1mGenerating Python from MSG navigation2/Enc_dist[0m
[ 10%] [34m[1mGenerating Python from MSG navigation2/gps_data[0m
[ 13%] [34m[1mGenerating Python from MSG navigation2/enc_feed[0m
[ 16%] [34m[1mGenerating Python from MSG navigation2/imu_angle[0m
[ 18%] [34m[1mGenerating Python from MSG navigation2/auto[0m
[ 21%] [34m[1mGenerating C++ code from navigation2/Goal.msg[0m
[ 24%] [34m[1mGenerating Python msg __init__.py for navigation2[0m
[ 27%] [34m[1mGenerating C++ code from navigation2/Planner_state.msg[0m
[ 29%] [34m[1mGenerating C++ code from navigation2/Enc_dist.msg[0m
[ 29%] Built target navigation2_generate_messages_py
[ 32%] [34m[1mGenerating EusLisp code from navigation2/Goal.msg[0m
[ 35%] [34m[1mGenerating C++ code from navigation2/gps_data.msg[0m
[ 37%] [34m[1mGenerating EusLisp code from navigation2/Planner_state.msg[0m
[ 40%] [34m[1mGenerating C++ code from navigation2/enc_feed.msg[0m
[ 43%] [34m[1mGenerating EusLisp code from navigation2/Enc_dist.msg[0m
[ 45%] [34m[1mGenerating C++ code from navigation2/imu_angle.msg[0m
[ 48%] [34m[1mGenerating EusLisp code from navigation2/gps_data.msg[0m
[ 51%] [34m[1mGenerating C++ code from navigation2/auto.msg[0m
[ 54%] [34m[1mGenerating EusLisp code from navigation2/enc_feed.msg[0m
[ 56%] [34m[1mGenerating EusLisp code from navigation2/imu_angle.msg[0m
[ 56%] Built target navigation2_generate_messages_cpp
[ 59%] [34m[1mGenerating Lisp code from navigation2/Goal.msg[0m
[ 62%] [34m[1mGenerating Lisp code from navigation2/Planner_state.msg[0m
[ 64%] [34m[1mGenerating EusLisp code from navigation2/auto.msg[0m
[ 67%] [34m[1mGenerating Lisp code from navigation2/Enc_dist.msg[0m
[ 70%] [34m[1mGenerating Lisp code from navigation2/gps_data.msg[0m
[ 72%] [34m[1mGenerating EusLisp manifest code for navigation2[0m
[ 75%] [34m[1mGenerating Lisp code from navigation2/enc_feed.msg[0m
[ 78%] [34m[1mGenerating Lisp code from navigation2/imu_angle.msg[0m
[ 81%] [34m[1mGenerating Lisp code from navigation2/auto.msg[0m
[ 81%] Built target navigation2_generate_messages_lisp
[ 83%] [34m[1mGenerating Javascript code from navigation2/Goal.msg[0m
[ 86%] [34m[1mGenerating Javascript code from navigation2/Planner_state.msg[0m
[ 89%] [34m[1mGenerating Javascript code from navigation2/Enc_dist.msg[0m
[ 91%] [34m[1mGenerating Javascript code from navigation2/gps_data.msg[0m
[ 94%] [34m[1mGenerating Javascript code from navigation2/enc_feed.msg[0m
[ 97%] [34m[1mGenerating Javascript code from navigation2/imu_angle.msg[0m
[100%] [34m[1mGenerating Javascript code from navigation2/auto.msg[0m
[100%] Built target navigation2_generate_messages_nodejs
[100%] Built target navigation2_generate_messages_eus
[100%] Built target navigation2_generate_messages
