[  0%] Built target std_msgs_generate_messages_py
[  0%] Built target _navigation2_generate_messages_check_deps_Planner_state
[  0%] Built target _navigation2_generate_messages_check_deps_auto
[  0%] Built target _navigation2_generate_messages_check_deps_Enc_dist
[  0%] Built target _navigation2_generate_messages_check_deps_Goal
[  0%] Built target _navigation2_generate_messages_check_deps_gps_data
[  0%] Built target std_msgs_generate_messages_cpp
[  0%] Built target std_msgs_generate_messages_eus
[  0%] Built target std_msgs_generate_messages_lisp
[  0%] Built target std_msgs_generate_messages_nodejs
[  0%] Built target _navigation2_generate_messages_check_deps_enc_feed
[  0%] Built target _navigation2_generate_messages_check_deps_imu_angle
[  2%] [34m[1mGenerating C++ code from navigation2/auto.msg[0m
[  8%] [34m[1mGenerating Lisp code from navigation2/auto.msg[0m
[  5%] [34m[1mGenerating Python from MSG navigation2/auto[0m
[ 10%] [34m[1mGenerating EusLisp code from navigation2/auto.msg[0m
[ 13%] [34m[1mGenerating Javascript code from navigation2/auto.msg[0m
[ 29%] Built target navigation2_generate_messages_lisp
[ 45%] Built target navigation2_generate_messages_nodejs
[ 64%] Built target navigation2_generate_messages_eus
[ 81%] Built target navigation2_generate_messages_cpp
[ 83%] [34m[1mGenerating Python msg __init__.py for navigation2[0m
[100%] Built target navigation2_generate_messages_py
[100%] Built target navigation2_generate_messages
