[  0%] Built target std_msgs_generate_messages_py
[  0%] Built target _navigation2_generate_messages_check_deps_red
[  0%] Built target _navigation2_generate_messages_check_deps_Goal
[  0%] Built target _navigation2_generate_messages_check_deps_Planner_state
[  0%] Built target _navigation2_generate_messages_check_deps_gps_data
[  0%] Built target _navigation2_generate_messages_check_deps_enc_feed
[  0%] Built target _navigation2_generate_messages_check_deps_Enc_dist
[  0%] Built target std_msgs_generate_messages_cpp
[  0%] Built target std_msgs_generate_messages_eus
[  0%] Built target _navigation2_generate_messages_check_deps_imu_angle
[  0%] Built target std_msgs_generate_messages_lisp
[  0%] Built target std_msgs_generate_messages_nodejs
[  0%] Built target _navigation2_generate_messages_check_deps_detection
[  0%] Built target _navigation2_generate_messages_check_deps_auto
[  2%] [34m[1mGenerating Python from MSG navigation2/red[0m
[  4%] [34m[1mGenerating EusLisp code from navigation2/red.msg[0m
[  6%] [34m[1mGenerating Lisp code from navigation2/red.msg[0m
[  8%] [34m[1mGenerating C++ code from navigation2/red.msg[0m
[ 25%] Built target navigation2_generate_messages_lisp
[ 27%] [34m[1mGenerating Javascript code from navigation2/red.msg[0m
[ 46%] Built target navigation2_generate_messages_eus
[ 63%] Built target navigation2_generate_messages_cpp
[ 80%] Built target navigation2_generate_messages_nodejs
[ 82%] [34m[1mGenerating Python msg __init__.py for navigation2[0m
[100%] Built target navigation2_generate_messages_py
[100%] Built target navigation2_generate_messages
