Linked: (/media/nvidia/galileo/home/nvidia/galileo2024/devel/.private/navigation2/include/navigation2/Enc_dist.h, /media/nvidia/galileo/home/nvidia/galileo2024/devel/include/navigation2/Enc_dist.h)
Linked: (/media/nvidia/galileo/home/nvidia/galileo2024/devel/.private/navigation2/include/navigation2/Goal.h, /media/nvidia/galileo/home/nvidia/galileo2024/devel/include/navigation2/Goal.h)
Linked: (/media/nvidia/galileo/home/nvidia/galileo2024/devel/.private/navigation2/include/navigation2/detection.h, /media/nvidia/galileo/home/nvidia/galileo2024/devel/include/navigation2/detection.h)
Linked: (/media/nvidia/galileo/home/nvidia/galileo2024/devel/.private/navigation2/include/navigation2/imu_angle.h, /media/nvidia/galileo/home/nvidia/galileo2024/devel/include/navigation2/imu_angle.h)
Linked: (/media/nvidia/galileo/home/nvidia/galileo2024/devel/.private/navigation2/include/navigation2/Planner_state.h, /media/nvidia/galileo/home/nvidia/galileo2024/devel/include/navigation2/Planner_state.h)
Linked: (/media/nvidia/galileo/home/nvidia/galileo2024/devel/.private/navigation2/include/navigation2/auto.h, /media/nvidia/galileo/home/nvidia/galileo2024/devel/include/navigation2/auto.h)
Linked: (/media/nvidia/galileo/home/nvidia/galileo2024/devel/.private/navigation2/include/navigation2/gps_data.h, /media/nvidia/galileo/home/nvidia/galileo2024/devel/include/navigation2/gps_data.h)
Linked: (/media/nvidia/galileo/home/nvidia/galileo2024/devel/.private/navigation2/include/navigation2/enc_feed.h, /media/nvidia/galileo/home/nvidia/galileo2024/devel/include/navigation2/enc_feed.h)
Linked: (/media/nvidia/galileo/home/nvidia/galileo2024/devel/.private/navigation2/share/common-lisp/ros/navigation2/msg/navigation2-msg.asd, /media/nvidia/galileo/home/nvidia/galileo2024/devel/share/common-lisp/ros/navigation2/msg/navigation2-msg.asd)
Linked: (/media/nvidia/galileo/home/nvidia/galileo2024/devel/.private/navigation2/share/common-lisp/ros/navigation2/msg/imu_angle.lisp, /media/nvidia/galileo/home/nvidia/galileo2024/devel/share/common-lisp/ros/navigation2/msg/imu_angle.lisp)
Linked: (/media/nvidia/galileo/home/nvidia/galileo2024/devel/.private/navigation2/share/common-lisp/ros/navigation2/msg/gps_data.lisp, /media/nvidia/galileo/home/nvidia/galileo2024/devel/share/common-lisp/ros/navigation2/msg/gps_data.lisp)
Linked: (/media/nvidia/galileo/home/nvidia/galileo2024/devel/.private/navigation2/share/common-lisp/ros/navigation2/msg/Enc_dist.lisp, /media/nvidia/galileo/home/nvidia/galileo2024/devel/share/common-lisp/ros/navigation2/msg/Enc_dist.lisp)
Linked: (/media/nvidia/galileo/home/nvidia/galileo2024/devel/.private/navigation2/share/common-lisp/ros/navigation2/msg/auto.lisp, /media/nvidia/galileo/home/nvidia/galileo2024/devel/share/common-lisp/ros/navigation2/msg/auto.lisp)
Linked: (/media/nvidia/galileo/home/nvidia/galileo2024/devel/.private/navigation2/share/common-lisp/ros/navigation2/msg/_package_gps_data.lisp, /media/nvidia/galileo/home/nvidia/galileo2024/devel/share/common-lisp/ros/navigation2/msg/_package_gps_data.lisp)
Linked: (/media/nvidia/galileo/home/nvidia/galileo2024/devel/.private/navigation2/share/common-lisp/ros/navigation2/msg/Goal.lisp, /media/nvidia/galileo/home/nvidia/galileo2024/devel/share/common-lisp/ros/navigation2/msg/Goal.lisp)
Linked: (/media/nvidia/galileo/home/nvidia/galileo2024/devel/.private/navigation2/share/common-lisp/ros/navigation2/msg/detection.lisp, /media/nvidia/galileo/home/nvidia/galileo2024/devel/share/common-lisp/ros/navigation2/msg/detection.lisp)
Linked: (/media/nvidia/galileo/home/nvidia/galileo2024/devel/.private/navigation2/share/common-lisp/ros/navigation2/msg/_package_auto.lisp, /media/nvidia/galileo/home/nvidia/galileo2024/devel/share/common-lisp/ros/navigation2/msg/_package_auto.lisp)
Linked: (/media/nvidia/galileo/home/nvidia/galileo2024/devel/.private/navigation2/share/common-lisp/ros/navigation2/msg/Planner_state.lisp, /media/nvidia/galileo/home/nvidia/galileo2024/devel/share/common-lisp/ros/navigation2/msg/Planner_state.lisp)
Linked: (/media/nvidia/galileo/home/nvidia/galileo2024/devel/.private/navigation2/share/common-lisp/ros/navigation2/msg/_package.lisp, /media/nvidia/galileo/home/nvidia/galileo2024/devel/share/common-lisp/ros/navigation2/msg/_package.lisp)
Linked: (/media/nvidia/galileo/home/nvidia/galileo2024/devel/.private/navigation2/share/common-lisp/ros/navigation2/msg/_package_Enc_dist.lisp, /media/nvidia/galileo/home/nvidia/galileo2024/devel/share/common-lisp/ros/navigation2/msg/_package_Enc_dist.lisp)
Linked: (/media/nvidia/galileo/home/nvidia/galileo2024/devel/.private/navigation2/share/common-lisp/ros/navigation2/msg/_package_Planner_state.lisp, /media/nvidia/galileo/home/nvidia/galileo2024/devel/share/common-lisp/ros/navigation2/msg/_package_Planner_state.lisp)
Linked: (/media/nvidia/galileo/home/nvidia/galileo2024/devel/.private/navigation2/share/common-lisp/ros/navigation2/msg/_package_enc_feed.lisp, /media/nvidia/galileo/home/nvidia/galileo2024/devel/share/common-lisp/ros/navigation2/msg/_package_enc_feed.lisp)
Linked: (/media/nvidia/galileo/home/nvidia/galileo2024/devel/.private/navigation2/share/common-lisp/ros/navigation2/msg/_package_imu_angle.lisp, /media/nvidia/galileo/home/nvidia/galileo2024/devel/share/common-lisp/ros/navigation2/msg/_package_imu_angle.lisp)
Linked: (/media/nvidia/galileo/home/nvidia/galileo2024/devel/.private/navigation2/share/common-lisp/ros/navigation2/msg/_package_Goal.lisp, /media/nvidia/galileo/home/nvidia/galileo2024/devel/share/common-lisp/ros/navigation2/msg/_package_Goal.lisp)
Linked: (/media/nvidia/galileo/home/nvidia/galileo2024/devel/.private/navigation2/share/common-lisp/ros/navigation2/msg/_package_detection.lisp, /media/nvidia/galileo/home/nvidia/galileo2024/devel/share/common-lisp/ros/navigation2/msg/_package_detection.lisp)
Linked: (/media/nvidia/galileo/home/nvidia/galileo2024/devel/.private/navigation2/share/common-lisp/ros/navigation2/msg/enc_feed.lisp, /media/nvidia/galileo/home/nvidia/galileo2024/devel/share/common-lisp/ros/navigation2/msg/enc_feed.lisp)
Linked: (/media/nvidia/galileo/home/nvidia/galileo2024/devel/.private/navigation2/share/gennodejs/ros/navigation2/_index.js, /media/nvidia/galileo/home/nvidia/galileo2024/devel/share/gennodejs/ros/navigation2/_index.js)
Linked: (/media/nvidia/galileo/home/nvidia/galileo2024/devel/.private/navigation2/share/gennodejs/ros/navigation2/msg/Goal.js, /media/nvidia/galileo/home/nvidia/galileo2024/devel/share/gennodejs/ros/navigation2/msg/Goal.js)
Linked: (/media/nvidia/galileo/home/nvidia/galileo2024/devel/.private/navigation2/share/gennodejs/ros/navigation2/msg/detection.js, /media/nvidia/galileo/home/nvidia/galileo2024/devel/share/gennodejs/ros/navigation2/msg/detection.js)
Linked: (/media/nvidia/galileo/home/nvidia/galileo2024/devel/.private/navigation2/share/gennodejs/ros/navigation2/msg/gps_data.js, /media/nvidia/galileo/home/nvidia/galileo2024/devel/share/gennodejs/ros/navigation2/msg/gps_data.js)
Linked: (/media/nvidia/galileo/home/nvidia/galileo2024/devel/.private/navigation2/share/gennodejs/ros/navigation2/msg/imu_angle.js, /media/nvidia/galileo/home/nvidia/galileo2024/devel/share/gennodejs/ros/navigation2/msg/imu_angle.js)
Linked: (/media/nvidia/galileo/home/nvidia/galileo2024/devel/.private/navigation2/share/gennodejs/ros/navigation2/msg/enc_feed.js, /media/nvidia/galileo/home/nvidia/galileo2024/devel/share/gennodejs/ros/navigation2/msg/enc_feed.js)
Linked: (/media/nvidia/galileo/home/nvidia/galileo2024/devel/.private/navigation2/share/gennodejs/ros/navigation2/msg/Enc_dist.js, /media/nvidia/galileo/home/nvidia/galileo2024/devel/share/gennodejs/ros/navigation2/msg/Enc_dist.js)
Linked: (/media/nvidia/galileo/home/nvidia/galileo2024/devel/.private/navigation2/share/gennodejs/ros/navigation2/msg/_index.js, /media/nvidia/galileo/home/nvidia/galileo2024/devel/share/gennodejs/ros/navigation2/msg/_index.js)
Linked: (/media/nvidia/galileo/home/nvidia/galileo2024/devel/.private/navigation2/share/gennodejs/ros/navigation2/msg/Planner_state.js, /media/nvidia/galileo/home/nvidia/galileo2024/devel/share/gennodejs/ros/navigation2/msg/Planner_state.js)
Linked: (/media/nvidia/galileo/home/nvidia/galileo2024/devel/.private/navigation2/share/gennodejs/ros/navigation2/msg/auto.js, /media/nvidia/galileo/home/nvidia/galileo2024/devel/share/gennodejs/ros/navigation2/msg/auto.js)
Linked: (/media/nvidia/galileo/home/nvidia/galileo2024/devel/.private/navigation2/share/navigation2/cmake/navigation2Config.cmake, /media/nvidia/galileo/home/nvidia/galileo2024/devel/share/navigation2/cmake/navigation2Config.cmake)
Linked: (/media/nvidia/galileo/home/nvidia/galileo2024/devel/.private/navigation2/share/navigation2/cmake/navigation2Config-version.cmake, /media/nvidia/galileo/home/nvidia/galileo2024/devel/share/navigation2/cmake/navigation2Config-version.cmake)
Linked: (/media/nvidia/galileo/home/nvidia/galileo2024/devel/.private/navigation2/share/navigation2/cmake/navigation2-msg-paths.cmake, /media/nvidia/galileo/home/nvidia/galileo2024/devel/share/navigation2/cmake/navigation2-msg-paths.cmake)
Linked: (/media/nvidia/galileo/home/nvidia/galileo2024/devel/.private/navigation2/share/navigation2/cmake/navigation2-msg-extras.cmake, /media/nvidia/galileo/home/nvidia/galileo2024/devel/share/navigation2/cmake/navigation2-msg-extras.cmake)
Linked: (/media/nvidia/galileo/home/nvidia/galileo2024/devel/.private/navigation2/share/roseus/ros/navigation2/manifest.l, /media/nvidia/galileo/home/nvidia/galileo2024/devel/share/roseus/ros/navigation2/manifest.l)
Linked: (/media/nvidia/galileo/home/nvidia/galileo2024/devel/.private/navigation2/share/roseus/ros/navigation2/msg/Enc_dist.l, /media/nvidia/galileo/home/nvidia/galileo2024/devel/share/roseus/ros/navigation2/msg/Enc_dist.l)
Linked: (/media/nvidia/galileo/home/nvidia/galileo2024/devel/.private/navigation2/share/roseus/ros/navigation2/msg/Planner_state.l, /media/nvidia/galileo/home/nvidia/galileo2024/devel/share/roseus/ros/navigation2/msg/Planner_state.l)
Linked: (/media/nvidia/galileo/home/nvidia/galileo2024/devel/.private/navigation2/share/roseus/ros/navigation2/msg/detection.l, /media/nvidia/galileo/home/nvidia/galileo2024/devel/share/roseus/ros/navigation2/msg/detection.l)
Linked: (/media/nvidia/galileo/home/nvidia/galileo2024/devel/.private/navigation2/share/roseus/ros/navigation2/msg/Goal.l, /media/nvidia/galileo/home/nvidia/galileo2024/devel/share/roseus/ros/navigation2/msg/Goal.l)
Linked: (/media/nvidia/galileo/home/nvidia/galileo2024/devel/.private/navigation2/share/roseus/ros/navigation2/msg/imu_angle.l, /media/nvidia/galileo/home/nvidia/galileo2024/devel/share/roseus/ros/navigation2/msg/imu_angle.l)
Linked: (/media/nvidia/galileo/home/nvidia/galileo2024/devel/.private/navigation2/share/roseus/ros/navigation2/msg/enc_feed.l, /media/nvidia/galileo/home/nvidia/galileo2024/devel/share/roseus/ros/navigation2/msg/enc_feed.l)
Linked: (/media/nvidia/galileo/home/nvidia/galileo2024/devel/.private/navigation2/share/roseus/ros/navigation2/msg/auto.l, /media/nvidia/galileo/home/nvidia/galileo2024/devel/share/roseus/ros/navigation2/msg/auto.l)
Linked: (/media/nvidia/galileo/home/nvidia/galileo2024/devel/.private/navigation2/share/roseus/ros/navigation2/msg/gps_data.l, /media/nvidia/galileo/home/nvidia/galileo2024/devel/share/roseus/ros/navigation2/msg/gps_data.l)
Linked: (/media/nvidia/galileo/home/nvidia/galileo2024/devel/.private/navigation2/lib/pkgconfig/navigation2.pc, /media/nvidia/galileo/home/nvidia/galileo2024/devel/lib/pkgconfig/navigation2.pc)
Linked: (/media/nvidia/galileo/home/nvidia/galileo2024/devel/.private/navigation2/lib/python3/dist-packages/navigation2/__init__.py, /media/nvidia/galileo/home/nvidia/galileo2024/devel/lib/python3/dist-packages/navigation2/__init__.py)
Linked: (/media/nvidia/galileo/home/nvidia/galileo2024/devel/.private/navigation2/lib/python3/dist-packages/navigation2/msg/_Enc_dist.py, /media/nvidia/galileo/home/nvidia/galileo2024/devel/lib/python3/dist-packages/navigation2/msg/_Enc_dist.py)
Linked: (/media/nvidia/galileo/home/nvidia/galileo2024/devel/.private/navigation2/lib/python3/dist-packages/navigation2/msg/_Planner_state.py, /media/nvidia/galileo/home/nvidia/galileo2024/devel/lib/python3/dist-packages/navigation2/msg/_Planner_state.py)
Linked: (/media/nvidia/galileo/home/nvidia/galileo2024/devel/.private/navigation2/lib/python3/dist-packages/navigation2/msg/__init__.py, /media/nvidia/galileo/home/nvidia/galileo2024/devel/lib/python3/dist-packages/navigation2/msg/__init__.py)
Linked: (/media/nvidia/galileo/home/nvidia/galileo2024/devel/.private/navigation2/lib/python3/dist-packages/navigation2/msg/_Goal.py, /media/nvidia/galileo/home/nvidia/galileo2024/devel/lib/python3/dist-packages/navigation2/msg/_Goal.py)
Linked: (/media/nvidia/galileo/home/nvidia/galileo2024/devel/.private/navigation2/lib/python3/dist-packages/navigation2/msg/_enc_feed.py, /media/nvidia/galileo/home/nvidia/galileo2024/devel/lib/python3/dist-packages/navigation2/msg/_enc_feed.py)
Linked: (/media/nvidia/galileo/home/nvidia/galileo2024/devel/.private/navigation2/lib/python3/dist-packages/navigation2/msg/_auto.py, /media/nvidia/galileo/home/nvidia/galileo2024/devel/lib/python3/dist-packages/navigation2/msg/_auto.py)
Linked: (/media/nvidia/galileo/home/nvidia/galileo2024/devel/.private/navigation2/lib/python3/dist-packages/navigation2/msg/_gps_data.py, /media/nvidia/galileo/home/nvidia/galileo2024/devel/lib/python3/dist-packages/navigation2/msg/_gps_data.py)
Linked: (/media/nvidia/galileo/home/nvidia/galileo2024/devel/.private/navigation2/lib/python3/dist-packages/navigation2/msg/_imu_angle.py, /media/nvidia/galileo/home/nvidia/galileo2024/devel/lib/python3/dist-packages/navigation2/msg/_imu_angle.py)
Linked: (/media/nvidia/galileo/home/nvidia/galileo2024/devel/.private/navigation2/lib/python3/dist-packages/navigation2/msg/_detection.py, /media/nvidia/galileo/home/nvidia/galileo2024/devel/lib/python3/dist-packages/navigation2/msg/_detection.py)
