[  0%] Built target std_msgs_generate_messages_py
[  0%] Built target _navigation2_generate_messages_check_deps_Goal
[  0%] Built target _navigation2_generate_messages_check_deps_Planner_state
[  0%] Built target _navigation2_generate_messages_check_deps_gps_data
[  0%] Built target _navigation2_generate_messages_check_deps_Enc_dist
[  0%] Built target _navigation2_generate_messages_check_deps_imu_angle
[  0%] Built target std_msgs_generate_messages_eus
[  0%] Built target std_msgs_generate_messages_cpp
[  0%] Built target std_msgs_generate_messages_lisp
[  0%] Built target std_msgs_generate_messages_nodejs
[  0%] Built target _navigation2_generate_messages_check_deps_enc_feed
[  6%] [34m[1mGenerating C++ code from navigation2/Goal.msg[0m
[  6%] [34m[1mGenerating EusLisp code from navigation2/Goal.msg[0m
[  9%] [34m[1mGenerating C++ code from navigation2/Planner_state.msg[0m
[ 12%] [34m[1mGenerating Python from MSG navigation2/Goal[0m
[ 15%] [34m[1mGenerating Javascript code from navigation2/Goal.msg[0m
[ 18%] [34m[1mGenerating Lisp code from navigation2/Goal.msg[0m
[ 21%] [34m[1mGenerating Lisp code from navigation2/Planner_state.msg[0m
[ 25%] [34m[1mGenerating Javascript code from navigation2/Planner_state.msg[0m
[ 28%] [34m[1mGenerating EusLisp code from navigation2/Planner_state.msg[0m
[ 31%] [34m[1mGenerating C++ code from navigation2/Enc_dist.msg[0m
[ 34%] [34m[1mGenerating C++ code from navigation2/gps_data.msg[0m
[ 37%] [34m[1mGenerating Lisp code from navigation2/Enc_dist.msg[0m
[ 40%] [34m[1mGenerating Javascript code from navigation2/Enc_dist.msg[0m
[ 43%] [34m[1mGenerating Lisp code from navigation2/gps_data.msg[0m
[ 46%] [34m[1mGenerating Javascript code from navigation2/gps_data.msg[0m
[ 50%] [34m[1mGenerating EusLisp code from navigation2/Enc_dist.msg[0m
[ 53%] [34m[1mGenerating Javascript code from navigation2/enc_feed.msg[0m
[ 56%] [34m[1mGenerating C++ code from navigation2/enc_feed.msg[0m
[ 59%] [34m[1mGenerating Lisp code from navigation2/enc_feed.msg[0m
[ 62%] [34m[1mGenerating Javascript code from navigation2/imu_angle.msg[0m
[ 65%] [34m[1mGenerating Python from MSG navigation2/Planner_state[0m
[ 68%] [34m[1mGenerating Python from MSG navigation2/Enc_dist[0m
[ 71%] [34m[1mGenerating Lisp code from navigation2/imu_angle.msg[0m
[ 71%] Built target navigation2_generate_messages_nodejs
[ 75%] [34m[1mGenerating EusLisp code from navigation2/gps_data.msg[0m
[ 78%] [34m[1mGenerating EusLisp code from navigation2/enc_feed.msg[0m
[ 81%] [34m[1mGenerating C++ code from navigation2/imu_angle.msg[0m
[ 81%] Built target navigation2_generate_messages_lisp
[ 84%] [34m[1mGenerating EusLisp code from navigation2/imu_angle.msg[0m
[ 87%] [34m[1mGenerating EusLisp manifest code for navigation2[0m
[ 90%] [34m[1mGenerating Python from MSG navigation2/gps_data[0m
[ 93%] [34m[1mGenerating Python from MSG navigation2/enc_feed[0m
[ 93%] Built target navigation2_generate_messages_cpp
[ 96%] [34m[1mGenerating Python from MSG navigation2/imu_angle[0m
[100%] [34m[1mGenerating Python msg __init__.py for navigation2[0m
[100%] Built target navigation2_generate_messages_py
[100%] Built target navigation2_generate_messages_eus
[100%] Built target navigation2_generate_messages
