Symlinking /media/nvidia/galileo/home/nvidia/galileo2024/devel/include/navigation2/Enc_dist.h
Symlinking /media/nvidia/galileo/home/nvidia/galileo2024/devel/include/navigation2/Goal.h
Symlinking /media/nvidia/galileo/home/nvidia/galileo2024/devel/include/navigation2/imu_angle.h
Symlinking /media/nvidia/galileo/home/nvidia/galileo2024/devel/include/navigation2/Planner_state.h
Symlinking /media/nvidia/galileo/home/nvidia/galileo2024/devel/include/navigation2/auto.h
Symlinking /media/nvidia/galileo/home/nvidia/galileo2024/devel/include/navigation2/gps_data.h
Symlinking /media/nvidia/galileo/home/nvidia/galileo2024/devel/include/navigation2/enc_feed.h
Symlinking /media/nvidia/galileo/home/nvidia/galileo2024/devel/share/common-lisp/ros/navigation2/msg/navigation2-msg.asd
Symlinking /media/nvidia/galileo/home/nvidia/galileo2024/devel/share/common-lisp/ros/navigation2/msg/imu_angle.lisp
Symlinking /media/nvidia/galileo/home/nvidia/galileo2024/devel/share/common-lisp/ros/navigation2/msg/gps_data.lisp
Symlinking /media/nvidia/galileo/home/nvidia/galileo2024/devel/share/common-lisp/ros/navigation2/msg/Enc_dist.lisp
Symlinking /media/nvidia/galileo/home/nvidia/galileo2024/devel/share/common-lisp/ros/navigation2/msg/auto.lisp
Symlinking /media/nvidia/galileo/home/nvidia/galileo2024/devel/share/common-lisp/ros/navigation2/msg/_package_gps_data.lisp
Symlinking /media/nvidia/galileo/home/nvidia/galileo2024/devel/share/common-lisp/ros/navigation2/msg/Goal.lisp
Symlinking /media/nvidia/galileo/home/nvidia/galileo2024/devel/share/common-lisp/ros/navigation2/msg/_package_auto.lisp
Symlinking /media/nvidia/galileo/home/nvidia/galileo2024/devel/share/common-lisp/ros/navigation2/msg/Planner_state.lisp
Symlinking /media/nvidia/galileo/home/nvidia/galileo2024/devel/share/common-lisp/ros/navigation2/msg/_package.lisp
Symlinking /media/nvidia/galileo/home/nvidia/galileo2024/devel/share/common-lisp/ros/navigation2/msg/_package_Enc_dist.lisp
Symlinking /media/nvidia/galileo/home/nvidia/galileo2024/devel/share/common-lisp/ros/navigation2/msg/_package_Planner_state.lisp
Symlinking /media/nvidia/galileo/home/nvidia/galileo2024/devel/share/common-lisp/ros/navigation2/msg/_package_enc_feed.lisp
Symlinking /media/nvidia/galileo/home/nvidia/galileo2024/devel/share/common-lisp/ros/navigation2/msg/_package_imu_angle.lisp
Symlinking /media/nvidia/galileo/home/nvidia/galileo2024/devel/share/common-lisp/ros/navigation2/msg/_package_Goal.lisp
Symlinking /media/nvidia/galileo/home/nvidia/galileo2024/devel/share/common-lisp/ros/navigation2/msg/enc_feed.lisp
Symlinking /media/nvidia/galileo/home/nvidia/galileo2024/devel/share/gennodejs/ros/navigation2/_index.js
Symlinking /media/nvidia/galileo/home/nvidia/galileo2024/devel/share/gennodejs/ros/navigation2/msg/Goal.js
Symlinking /media/nvidia/galileo/home/nvidia/galileo2024/devel/share/gennodejs/ros/navigation2/msg/gps_data.js
Symlinking /media/nvidia/galileo/home/nvidia/galileo2024/devel/share/gennodejs/ros/navigation2/msg/imu_angle.js
Symlinking /media/nvidia/galileo/home/nvidia/galileo2024/devel/share/gennodejs/ros/navigation2/msg/enc_feed.js
Symlinking /media/nvidia/galileo/home/nvidia/galileo2024/devel/share/gennodejs/ros/navigation2/msg/Enc_dist.js
Symlinking /media/nvidia/galileo/home/nvidia/galileo2024/devel/share/gennodejs/ros/navigation2/msg/_index.js
Symlinking /media/nvidia/galileo/home/nvidia/galileo2024/devel/share/gennodejs/ros/navigation2/msg/Planner_state.js
Symlinking /media/nvidia/galileo/home/nvidia/galileo2024/devel/share/gennodejs/ros/navigation2/msg/auto.js
Symlinking /media/nvidia/galileo/home/nvidia/galileo2024/devel/share/navigation2/cmake/navigation2Config.cmake
Symlinking /media/nvidia/galileo/home/nvidia/galileo2024/devel/share/navigation2/cmake/navigation2Config-version.cmake
Symlinking /media/nvidia/galileo/home/nvidia/galileo2024/devel/share/navigation2/cmake/navigation2-msg-paths.cmake
Symlinking /media/nvidia/galileo/home/nvidia/galileo2024/devel/share/navigation2/cmake/navigation2-msg-extras.cmake
Symlinking /media/nvidia/galileo/home/nvidia/galileo2024/devel/share/roseus/ros/navigation2/manifest.l
Symlinking /media/nvidia/galileo/home/nvidia/galileo2024/devel/share/roseus/ros/navigation2/msg/Enc_dist.l
Symlinking /media/nvidia/galileo/home/nvidia/galileo2024/devel/share/roseus/ros/navigation2/msg/Planner_state.l
Symlinking /media/nvidia/galileo/home/nvidia/galileo2024/devel/share/roseus/ros/navigation2/msg/Goal.l
Symlinking /media/nvidia/galileo/home/nvidia/galileo2024/devel/share/roseus/ros/navigation2/msg/imu_angle.l
Symlinking /media/nvidia/galileo/home/nvidia/galileo2024/devel/share/roseus/ros/navigation2/msg/enc_feed.l
Symlinking /media/nvidia/galileo/home/nvidia/galileo2024/devel/share/roseus/ros/navigation2/msg/auto.l
Symlinking /media/nvidia/galileo/home/nvidia/galileo2024/devel/share/roseus/ros/navigation2/msg/gps_data.l
Symlinking /media/nvidia/galileo/home/nvidia/galileo2024/devel/lib/pkgconfig/navigation2.pc
Symlinking /media/nvidia/galileo/home/nvidia/galileo2024/devel/lib/python3/dist-packages/navigation2/__init__.py
Symlinking /media/nvidia/galileo/home/nvidia/galileo2024/devel/lib/python3/dist-packages/navigation2/msg/_Enc_dist.py
Symlinking /media/nvidia/galileo/home/nvidia/galileo2024/devel/lib/python3/dist-packages/navigation2/msg/_Planner_state.py
Symlinking /media/nvidia/galileo/home/nvidia/galileo2024/devel/lib/python3/dist-packages/navigation2/msg/__init__.py
Symlinking /media/nvidia/galileo/home/nvidia/galileo2024/devel/lib/python3/dist-packages/navigation2/msg/_Goal.py
Symlinking /media/nvidia/galileo/home/nvidia/galileo2024/devel/lib/python3/dist-packages/navigation2/msg/_enc_feed.py
Symlinking /media/nvidia/galileo/home/nvidia/galileo2024/devel/lib/python3/dist-packages/navigation2/msg/_auto.py
Symlinking /media/nvidia/galileo/home/nvidia/galileo2024/devel/lib/python3/dist-packages/navigation2/msg/_gps_data.py
Symlinking /media/nvidia/galileo/home/nvidia/galileo2024/devel/lib/python3/dist-packages/navigation2/msg/_imu_angle.py
