make: Warning: File 'Makefile' has modification time 773400766 s in the future
make[1]: Warning: File 'CMakeFiles/Makefile2' has modification time 773400766 s in the future
make[2]: Warning: File 'CMakeFiles/_navigation2_generate_messages_check_deps_detection.dir/progress.make' has modification time 773400766 s in the future
make[2]: Warning: File 'CMakeFiles/std_msgs_generate_messages_py.dir/progress.make' has modification time 773400766 s in the future
make[2]: Warning: File 'CMakeFiles/_navigation2_generate_messages_check_deps_Goal.dir/progress.make' has modification time 773400766 s in the future
make[2]: warning:  Clock skew detected.  Your build may be incomplete.
make[2]: warning:  Clock skew detected.  Your build may be incomplete.
make[2]: warning:  Clock skew detected.  Your build may be incomplete.
make[2]: Warning: File 'CMakeFiles/_navigation2_generate_messages_check_deps_Goal.dir/progress.make' has modification time 773400766 s in the future
make[2]: Warning: File 'CMakeFiles/std_msgs_generate_messages_py.dir/progress.make' has modification time 773400766 s in the future
make[2]: warning:  Clock skew detected.  Your build may be incomplete.
make[2]: Warning: File 'CMakeFiles/_navigation2_generate_messages_check_deps_detection.dir/progress.make' has modification time 773400766 s in the future
make[2]: Warning: File 'CMakeFiles/_navigation2_generate_messages_check_deps_Planner_state.dir/progress.make' has modification time 773400765 s in the future
make[2]: warning:  Clock skew detected.  Your build may be incomplete.
make[2]: Warning: File 'CMakeFiles/_navigation2_generate_messages_check_deps_Planner_state.dir/progress.make' has modification time 773400765 s in the future
make[2]: warning:  Clock skew detected.  Your build may be incomplete.
make[2]: warning:  Clock skew detected.  Your build may be incomplete.
make[2]: Warning: File 'CMakeFiles/_navigation2_generate_messages_check_deps_Enc_dist.dir/progress.make' has modification time 773400765 s in the future
make[2]: Warning: File 'CMakeFiles/_navigation2_generate_messages_check_deps_gps_data.dir/progress.make' has modification time 773400765 s in the future
make[2]: warning:  Clock skew detected.  Your build may be incomplete.
make[2]: warning:  Clock skew detected.  Your build may be incomplete.
make[2]: warning:  Clock skew detected.  Your build may be incomplete.
make[2]: Warning: File 'CMakeFiles/_navigation2_generate_messages_check_deps_Enc_dist.dir/progress.make' has modification time 773400765 s in the future
make[2]: Warning: File 'CMakeFiles/_navigation2_generate_messages_check_deps_gps_data.dir/progress.make' has modification time 773400765 s in the future
make[2]: Warning: File 'CMakeFiles/_navigation2_generate_messages_check_deps_enc_feed.dir/progress.make' has modification time 773400765 s in the future
make[2]: warning:  Clock skew detected.  Your build may be incomplete.
make[2]: Warning: File 'CMakeFiles/_navigation2_generate_messages_check_deps_enc_feed.dir/progress.make' has modification time 773400765 s in the future
make[2]: warning:  Clock skew detected.  Your build may be incomplete.
make[2]: warning:  Clock skew detected.  Your build may be incomplete.
make[2]: Warning: File 'CMakeFiles/_navigation2_generate_messages_check_deps_imu_angle.dir/progress.make' has modification time 773400765 s in the future
make[2]: Warning: File 'CMakeFiles/_navigation2_generate_messages_check_deps_auto.dir/progress.make' has modification time 773400765 s in the future
make[2]: warning:  Clock skew detected.  Your build may be incomplete.
make[2]: warning:  Clock skew detected.  Your build may be incomplete.
make[2]: warning:  Clock skew detected.  Your build may be incomplete.
make[2]: Warning: File 'CMakeFiles/_navigation2_generate_messages_check_deps_imu_angle.dir/progress.make' has modification time 773400765 s in the future
make[2]: Warning: File 'CMakeFiles/_navigation2_generate_messages_check_deps_auto.dir/progress.make' has modification time 773400765 s in the future
make[2]: Warning: File 'CMakeFiles/std_msgs_generate_messages_cpp.dir/progress.make' has modification time 773400765 s in the future
make[2]: Warning: File 'CMakeFiles/std_msgs_generate_messages_eus.dir/progress.make' has modification time 773400765 s in the future
make[2]: warning:  Clock skew detected.  Your build may be incomplete.
make[2]: warning:  Clock skew detected.  Your build may be incomplete.
make[2]: Warning: File 'CMakeFiles/std_msgs_generate_messages_cpp.dir/progress.make' has modification time 773400765 s in the future
make[2]: warning:  Clock skew detected.  Your build may be incomplete.
make[2]: Warning: File 'CMakeFiles/std_msgs_generate_messages_eus.dir/progress.make' has modification time 773400765 s in the future
make[2]: warning:  Clock skew detected.  Your build may be incomplete.
make[2]: Warning: File 'CMakeFiles/std_msgs_generate_messages_lisp.dir/progress.make' has modification time 773400765 s in the future
make[2]: Warning: File 'CMakeFiles/std_msgs_generate_messages_nodejs.dir/progress.make' has modification time 773400765 s in the future
make[2]: warning:  Clock skew detected.  Your build may be incomplete.
make[2]: warning:  Clock skew detected.  Your build may be incomplete.
make[2]: Warning: File 'CMakeFiles/std_msgs_generate_messages_lisp.dir/progress.make' has modification time 773400765 s in the future
make[2]: warning:  Clock skew detected.  Your build may be incomplete.
make[2]: Warning: File 'CMakeFiles/std_msgs_generate_messages_nodejs.dir/progress.make' has modification time 773400765 s in the future
make[2]: warning:  Clock skew detected.  Your build may be incomplete.
make[2]: warning:  Clock skew detected.  Your build may be incomplete.
make[2]: warning:  Clock skew detected.  Your build may be incomplete.
make[2]: Warning: File 'CMakeFiles/navigation2_generate_messages_py.dir/progress.make' has modification time 773400765 s in the future
make[2]: Warning: File 'CMakeFiles/navigation2_generate_messages_cpp.dir/progress.make' has modification time 773400765 s in the future
make[2]: Warning: File 'CMakeFiles/navigation2_generate_messages_eus.dir/progress.make' has modification time 773400765 s in the future
make[2]: Warning: File 'CMakeFiles/navigation2_generate_messages_lisp.dir/progress.make' has modification time 773400765 s in the future
make[2]: warning:  Clock skew detected.  Your build may be incomplete.
make[2]: warning:  Clock skew detected.  Your build may be incomplete.
make[2]: warning:  Clock skew detected.  Your build may be incomplete.
make[2]: warning:  Clock skew detected.  Your build may be incomplete.
make[2]: Warning: File 'CMakeFiles/navigation2_generate_messages_py.dir/progress.make' has modification time 773400765 s in the future
make[2]: Warning: File 'CMakeFiles/navigation2_generate_messages_cpp.dir/progress.make' has modification time 773400765 s in the future
make[2]: Warning: File 'CMakeFiles/navigation2_generate_messages_lisp.dir/progress.make' has modification time 773400765 s in the future
make[2]: Warning: File 'CMakeFiles/navigation2_generate_messages_eus.dir/progress.make' has modification time 773400765 s in the future
make[2]: warning:  Clock skew detected.  Your build may be incomplete.
make[2]: warning:  Clock skew detected.  Your build may be incomplete.
make[2]: warning:  Clock skew detected.  Your build may be incomplete.
make[2]: warning:  Clock skew detected.  Your build may be incomplete.
make[2]: Warning: File 'CMakeFiles/navigation2_generate_messages_nodejs.dir/progress.make' has modification time 773400765 s in the future
make[2]: warning:  Clock skew detected.  Your build may be incomplete.
make[2]: Warning: File 'CMakeFiles/navigation2_generate_messages_nodejs.dir/progress.make' has modification time 773400765 s in the future
make[2]: warning:  Clock skew detected.  Your build may be incomplete.
make[2]: Warning: File 'CMakeFiles/navigation2_generate_messages.dir/progress.make' has modification time 773400765 s in the future
make[2]: warning:  Clock skew detected.  Your build may be incomplete.
make[2]: Warning: File 'CMakeFiles/navigation2_generate_messages.dir/progress.make' has modification time 773400764 s in the future
make[2]: warning:  Clock skew detected.  Your build may be incomplete.
make[1]: warning:  Clock skew detected.  Your build may be incomplete.
make: warning:  Clock skew detected.  Your build may be incomplete.
